<?xml version="1.0" encoding="UTF-8"?>
<!-- Generated by org.testng.reporters.JUnitXMLReporter -->
<testsuite ignored="0" hostname="LAPTOP-M9TA9DIJ" failures="1" tests="3" name="Error Validations Test" time="63.801" errors="0" timestamp="2024-04-19T15:59:52 GMT-05:00">
  <testcase classname="frameworkdesign.Tests.ErrorValidationsTest" name="loginErrorValidation" time="1.602">
    <skipped/>
  </testcase> <!-- loginErrorValidation -->
  <testcase classname="frameworkdesign.Tests.ErrorValidationsTest" name="loginErrorValidation" time="1.001">
    <failure type="java.lang.AssertionError" message="expected:&amp;lt;Incrrect email or password.&amp;gt; but was:&amp;lt;Incorrect email or password.&amp;gt;">
      <![CDATA[java.lang.AssertionError: expected:<Incrrect email or password.> but was:<Incorrect email or password.>
at frameworkdesign.Tests.ErrorValidationsTest.loginErrorValidation(ErrorValidationsTest.java:28)
at java.base/java.util.ArrayList.forEach(ArrayList.java:1511)
at java.base/java.util.concurrent.FutureTask.run(FutureTask.java:264)
at java.base/java.util.concurrent.ThreadPoolExecutor.runWorker(ThreadPoolExecutor.java:1136)
at java.base/java.util.concurrent.ThreadPoolExecutor$Worker.run(ThreadPoolExecutor.java:635)
at java.base/java.lang.Thread.run(Thread.java:840)
... Removed 19 stack frames]]>
    </failure>
  </testcase> <!-- loginErrorValidation -->
  <testcase classname="frameworkdesign.Tests.ErrorValidationsTest" name="submitOrder" time="24.786"/>
</testsuite> <!-- Error Validations Test -->
