<?xml version="1.0" encoding="UTF-8"?>
<!-- Generated by org.testng.reporters.JUnitXMLReporter -->
<testsuite ignored="0" hostname="LAPTOP-M9TA9DIJ" failures="0" tests="3" name="Submit Order Test" time="52.511" errors="0" timestamp="2024-04-19T15:59:41 GMT-05:00">
  <testcase classname="frameworkdesign.Tests.SubmitOrderTest" name="submitOrder" time="5.448"/>
  <testcase classname="frameworkdesign.Tests.SubmitOrderTest" name="submitOrder" time="18.572"/>
  <testcase classname="frameworkdesign.Tests.SubmitOrderTest" name="orderHistoryTest" time="1.819"/>
</testsuite> <!-- Submit Order Test -->
