<?xml version="1.0" encoding="UTF-8"?>
<!-- Generated by org.testng.reporters.JUnitXMLReporter -->
<testsuite ignored="0" hostname="LAPTOP-M9TA9DIJ" failures="0" tests="3" name="Submit Order Test" time="48.403" errors="0" timestamp="2024-04-23T06:40:32 GMT-05:00">
  <testcase classname="frameworkdesign.Tests.SubmitOrderTest" name="submitOrder" time="17.111"/>
  <testcase classname="frameworkdesign.Tests.SubmitOrderTest" name="submitOrder" time="4.531"/>
  <testcase classname="frameworkdesign.Tests.SubmitOrderTest" name="orderHistoryTest" time="1.585"/>
</testsuite> <!-- Submit Order Test -->
